        -:    0:Source:SpendFlow.c
        -:    0:Graph:SpendFlow.gcno
        -:    0:Data:-
        -:    0:Runs:0
        -:    0:Programs:0
        -:    1:#include <stdlib.h>
        -:    2:#include <stdio.h>
        -:    3:#include <string.h>
        -:    4:#include "GUI.h"
        -:    5:#include "GUI_inputs.h"
        -:    6:
    #####:    7:void help() {
    #####:    8:    printf("SpendFlow helps users track their expenses and budget effectively.\n");
    #####:    9:    printf("Users can input financial transactions, categorize them\n");
    #####:   10:    printf("(e.g., food, entertainment, bills), and set spending limits for specific categories.\n");
    #####:   11:    printf("Options include: --help to display this guide\n");
    #####:   12:    printf("\t\t--add to input a new transaction\n");
    #####:   13:    printf("\t\t--view to see a spending summary\n");
    #####:   14:    printf("\t\t--set-budget to establish category budgets\n");
    #####:   15:    printf("\t\t--exit to quit the app.\n");
    #####:   16:}
        -:   17:
    #####:   18:int main(int argc, char* argv[]) {
    #####:   19:    if (argc > 1) {
    #####:   20:        if (strcmp(argv[1], "-d") == 0 ) {
    #####:   21:            help();
    #####:   22:        }
    #####:   23:    }
    #####:   24:    int running = 1;
    #####:   25:    char currentUser[200] = "";
        -:   26:    
    #####:   27:    welcome();
    #####:   28:    signIn_or_Up(currentUser);
    #####:   29:    homePage(currentUser);
    #####:   30:    while (running) {
    #####:   31:        action(currentUser);
        -:   32:        //Test
        -:   33:    }
        -:   34:
    #####:   35:    return EXIT_SUCCESS;
        -:   36:}
